<?xml version="1.0" encoding="UTF-8"?>
<testng-results ignored="0" total="1" passed="1" failed="0" skipped="0">
  <reporter-output>
  </reporter-output>
  <suite started-at="2024-10-24T23:33:59 IST" name="Default suite" finished-at="2024-10-24T23:34:03 IST" duration-ms="4100">
    <groups>
    </groups>
    <test started-at="2024-10-24T23:33:59 IST" name="Default test" finished-at="2024-10-24T23:34:03 IST" duration-ms="4100">
      <class name="tests.Assessment">
        <test-method is-config="true" signature="openApplication()[pri:0, instance:tests.Assessment@6ae5aa72]" started-at="2024-10-24T23:33:59 IST" name="openApplication" finished-at="2024-10-24T23:34:02 IST" duration-ms="3693" status="PASS">
          <reporter-output>
          </reporter-output>
        </test-method> <!-- openApplication -->
        <test-method signature="enterDataIntoTheTable()[pri:0, instance:tests.Assessment@6ae5aa72]" started-at="2024-10-24T23:34:02 IST" name="enterDataIntoTheTable" finished-at="2024-10-24T23:34:03 IST" duration-ms="283" status="PASS">
          <reporter-output>
          </reporter-output>
        </test-method> <!-- enterDataIntoTheTable -->
        <test-method is-config="true" signature="closeBrowser()[pri:0, instance:tests.Assessment@6ae5aa72]" started-at="2024-10-24T23:34:03 IST" name="closeBrowser" finished-at="2024-10-24T23:34:03 IST" duration-ms="114" status="PASS">
          <reporter-output>
          </reporter-output>
        </test-method> <!-- closeBrowser -->
      </class> <!-- tests.Assessment -->
    </test> <!-- Default test -->
  </suite> <!-- Default suite -->
</testng-results>
